\BOOKMARK [0][-]{cover.0}{NJU Cover}{}% 1
\BOOKMARK [0][-]{abstract.0}{摘　要}{}% 2
\BOOKMARK [0][-]{englishabstract.0}{Abstract}{}% 3
\BOOKMARK [0][-]{chapter*.1}{目 \040录}{}% 4
\BOOKMARK [0][-]{chapter.1}{第一章 \040引言}{}% 5
\BOOKMARK [1][-]{section.1.1}{1.1 这是节标题}{chapter.1}% 6
\BOOKMARK [2][-]{subsection.1.1.1}{1.1.1 这是小节标题}{section.1.1}% 7
\BOOKMARK [2][-]{subsection.1.1.2}{1.1.2 这是小小节标题}{section.1.1}% 8
\BOOKMARK [0][-]{chapter.2}{第二章 \040相关技术综述}{}% 9
\BOOKMARK [1][-]{section.2.1}{2.1 这是节标题}{chapter.2}% 10
\BOOKMARK [2][-]{subsection.2.1.1}{2.1.1 这是小节标题}{section.2.1}% 11
\BOOKMARK [2][-]{subsection.2.1.2}{2.1.2 这是小小节标题}{section.2.1}% 12
\BOOKMARK [0][-]{chapter.3}{第三章 \040系统需求分析与概要设计}{}% 13
\BOOKMARK [1][-]{section.3.1}{3.1 GTDS系统概述}{chapter.3}% 14
\BOOKMARK [1][-]{section.3.2}{3.2 轨迹数据服务需求分析}{chapter.3}% 15
\BOOKMARK [2][-]{subsection.3.2.1}{3.2.1 轨迹数据服务的功能需求}{section.3.2}% 16
\BOOKMARK [2][-]{subsection.3.2.2}{3.2.2 轨迹数据服务的非功能需求}{section.3.2}% 17
\BOOKMARK [1][-]{section.3.3}{3.3 瓦片数据服务需求分析}{chapter.3}% 18
\BOOKMARK [2][-]{subsection.3.3.1}{3.3.1 瓦片数据服务的需求综述}{section.3.3}% 19
\BOOKMARK [2][-]{subsection.3.3.2}{3.3.2 瓦片数据服务功能需求}{section.3.3}% 20
\BOOKMARK [2][-]{subsection.3.3.3}{3.3.3 瓦片数据服务非功能需求}{section.3.3}% 21
\BOOKMARK [2][-]{subsection.3.3.4}{3.3.4 瓦片数据服务用例图}{section.3.3}% 22
\BOOKMARK [2][-]{subsection.3.3.5}{3.3.5 瓦片数据服务用例描述}{section.3.3}% 23
\BOOKMARK [0][-]{chapter.4}{第四章 \040系统详细设计与实现}{}% 24
\BOOKMARK [1][-]{section.4.1}{4.1 这是节标题}{chapter.4}% 25
\BOOKMARK [2][-]{subsection.4.1.1}{4.1.1 这是小节标题}{section.4.1}% 26
\BOOKMARK [2][-]{subsection.4.1.2}{4.1.2 这是小小节标题}{section.4.1}% 27
\BOOKMARK [0][-]{chapter.5}{第五章 \040总结和展望}{}% 28
\BOOKMARK [1][-]{section.5.1}{5.1 这是节标题}{chapter.5}% 29
\BOOKMARK [2][-]{subsection.5.1.1}{5.1.1 这是小节标题}{section.5.1}% 30
\BOOKMARK [2][-]{subsection.5.1.2}{5.1.2 这是小小节标题}{section.5.1}% 31
\BOOKMARK [0][-]{chapter*.4}{简历与科研成果}{}% 32
\BOOKMARK [0][-]{chapter*.5}{致 \040谢}{}% 33
